2026-02-15T11:58:49.904+03:00  INFO 6612 --- [Hackaton] [main] o.example.hackaton.HackatonApplication   : Starting HackatonApplication using Java 21.0.1 with PID 6612 (C:\java Ultimate\Hackaton\target\classes started by 7 in C:\java Ultimate\Hackaton)
2026-02-15T11:58:49.908+03:00  INFO 6612 --- [Hackaton] [main] o.example.hackaton.HackatonApplication   : No active profile set, falling back to 1 default profile: "default"
2026-02-15T11:58:50.895+03:00  INFO 6612 --- [Hackaton] [main] .s.d.r.c.RepositoryConfigurationDelegate : Bootstrapping Spring Data JPA repositories in DEFAULT mode.
2026-02-15T11:58:50.917+03:00  INFO 6612 --- [Hackaton] [main] .s.d.r.c.RepositoryConfigurationDelegate : Finished Spring Data repository scanning in 12 ms. Found 0 JPA repository interfaces.
2026-02-15T11:58:51.589+03:00  INFO 6612 --- [Hackaton] [main] o.s.b.w.embedded.tomcat.TomcatWebServer  : Tomcat initialized with port 8080 (http)
2026-02-15T11:58:51.604+03:00  INFO 6612 --- [Hackaton] [main] o.apache.catalina.core.StandardService   : Starting service [Tomcat]
2026-02-15T11:58:51.605+03:00  INFO 6612 --- [Hackaton] [main] o.apache.catalina.core.StandardEngine    : Starting Servlet engine: [Apache Tomcat/10.1.50]
2026-02-15T11:58:51.667+03:00  INFO 6612 --- [Hackaton] [main] o.a.c.c.C.[Tomcat].[localhost].[/]       : Initializing Spring embedded WebApplicationContext
2026-02-15T11:58:51.667+03:00  INFO 6612 --- [Hackaton] [main] w.s.c.ServletWebServerApplicationContext : Root WebApplicationContext: initialization completed in 1697 ms
2026-02-15T11:58:52.144+03:00  INFO 6612 --- [Hackaton] [main] o.hibernate.jpa.internal.util.LogHelper  : HHH000204: Processing PersistenceUnitInfo [name: default]
2026-02-15T11:58:52.279+03:00  INFO 6612 --- [Hackaton] [main] org.hibernate.Version                    : HHH000412: Hibernate ORM core version 6.6.41.Final
2026-02-15T11:58:52.331+03:00  INFO 6612 --- [Hackaton] [main] o.h.c.internal.RegionFactoryInitiator    : HHH000026: Second-level cache disabled
2026-02-15T11:58:52.724+03:00  INFO 6612 --- [Hackaton] [main] o.s.o.j.p.SpringPersistenceUnitInfo      : No LoadTimeWeaver setup: ignoring JPA class transformer
2026-02-15T11:58:52.768+03:00  INFO 6612 --- [Hackaton] [main] com.zaxxer.hikari.HikariDataSource       : HikariPool-1 - Starting...
2026-02-15T11:58:53.244+03:00  INFO 6612 --- [Hackaton] [main] com.zaxxer.hikari.pool.HikariPool        : HikariPool-1 - Added connection org.postgresql.jdbc.PgConnection@59f3426f
2026-02-15T11:58:53.250+03:00  INFO 6612 --- [Hackaton] [main] com.zaxxer.hikari.HikariDataSource       : HikariPool-1 - Start completed.
2026-02-15T11:58:53.375+03:00  WARN 6612 --- [Hackaton] [main] org.hibernate.orm.deprecation            : HHH90000025: PostgreSQLDialect does not need to be specified explicitly using 'hibernate.dialect' (remove the property setting and it will be selected by default)
2026-02-15T11:58:53.419+03:00  INFO 6612 --- [Hackaton] [main] org.hibernate.orm.connections.pooling    : HHH10001005: Database info:
	Database JDBC URL [Connecting through datasource 'HikariDataSource (HikariPool-1)']
	Database driver: undefined/unknown
	Database version: 17.1
	Autocommit mode: undefined/unknown
	Isolation level: undefined/unknown
	Minimum pool size: undefined/unknown
	Maximum pool size: undefined/unknown
2026-02-15T11:58:54.586+03:00  INFO 6612 --- [Hackaton] [main] o.h.e.t.j.p.i.JtaPlatformInitiator       : HHH000489: No JTA platform available (set 'hibernate.transaction.jta.platform' to enable JTA platform integration)
2026-02-15T11:58:54.595+03:00  INFO 6612 --- [Hackaton] [main] j.LocalContainerEntityManagerFactoryBean : Initialized JPA EntityManagerFactory for persistence unit 'default'
2026-02-15T11:58:56.233+03:00  WARN 6612 --- [Hackaton] [main] .s.s.UserDetailsServiceAutoConfiguration : 

Using generated security password: 2d40e56b-42cb-479c-a08c-6658582c2d64

This generated password is for development use only. Your security configuration must be updated before running your application in production.

2026-02-15T11:58:56.252+03:00  INFO 6612 --- [Hackaton] [main] r$InitializeUserDetailsManagerConfigurer : Global AuthenticationManager configured with UserDetailsService bean with name inMemoryUserDetailsManager
2026-02-15T11:58:56.643+03:00  INFO 6612 --- [Hackaton] [main] o.s.b.w.embedded.tomcat.TomcatWebServer  : Tomcat started on port 8080 (http) with context path '/'
2026-02-15T11:58:56.658+03:00  INFO 6612 --- [Hackaton] [main] o.example.hackaton.HackatonApplication   : Started HackatonApplication in 7.612 seconds (process running for 9.123)
2026-02-15T12:00:03.729+03:00  INFO 6612 --- [Hackaton] [SpringApplicationShutdownHook] o.s.b.w.e.tomcat.GracefulShutdown        : Commencing graceful shutdown. Waiting for active requests to complete
2026-02-15T12:00:03.737+03:00  INFO 6612 --- [Hackaton] [tomcat-shutdown] o.s.b.w.e.tomcat.GracefulShutdown        : Graceful shutdown complete
2026-02-15T12:00:03.742+03:00  INFO 6612 --- [Hackaton] [SpringApplicationShutdownHook] j.LocalContainerEntityManagerFactoryBean : Closing JPA EntityManagerFactory for persistence unit 'default'
2026-02-15T12:00:03.744+03:00  INFO 6612 --- [Hackaton] [SpringApplicationShutdownHook] com.zaxxer.hikari.HikariDataSource       : HikariPool-1 - Shutdown initiated...
2026-02-15T12:00:03.748+03:00  INFO 6612 --- [Hackaton] [SpringApplicationShutdownHook] com.zaxxer.hikari.HikariDataSource       : HikariPool-1 - Shutdown completed.
